0 info it worked if it ends with ok
1 verbose cli [ 'C:\\Program Files\\nodejs\\node.exe',
1 verbose cli   'C:\\Program Files\\nodejs\\node_modules\\npm\\bin\\npm-cli.js',
1 verbose cli   'run',
1 verbose cli   'dev:server' ]
2 info using npm@3.10.8
3 info using node@v7.0.0
4 verbose run-script [ 'predev:server', 'dev:server', 'postdev:server' ]
5 info lifecycle muzee@1.0.0~predev:server: muzee@1.0.0
6 silly lifecycle muzee@1.0.0~predev:server: no script for predev:server, continuing
7 info lifecycle muzee@1.0.0~dev:server: muzee@1.0.0
8 verbose lifecycle muzee@1.0.0~dev:server: unsafe-perm in lifecycle true
9 verbose lifecycle muzee@1.0.0~dev:server: PATH: C:\Program Files\nodejs\node_modules\npm\bin\node-gyp-bin;C:\Users\NeoEsil\workspaces\projects\muzee\node_modules\.bin;C:\Program Files\Git\mingw64\bin;C:\Program Files\Git\usr\bin;C:\Users\NeoEsil\bin;C:\Program Files (x86)\NVIDIA Corporation\PhysX\Common;C:\Program Files (x86)\Intel\iCLS Client;C:\Program Files\Intel\iCLS Client;C:\WINDOWS\system32;C:\WINDOWS;C:\WINDOWS\System32\Wbem;C:\WINDOWS\System32\WindowsPowerShell\v1.0;C:\Program Files\Intel\WiFi\bin;C:\Program Files\Common Files\Intel\WirelessCommon;C:\Program Files (x86)\Intel\Intel(R) Management Engine Components\DAL;C:\Program Files\Intel\Intel(R) Management Engine Components\DAL;C:\Program Files (x86)\Intel\Intel(R) Management Engine Components\IPT;C:\Program Files\Intel\Intel(R) Management Engine Components\IPT;C:\Program Files (x86)\ATI Technologies\ATI.ACE\Core-Static;C:\xampp\php;C:\ProgramData\ComposerSetup\bin;C:\Program Files\nodejs;C:\WINDOWS\system32\config\systemprofile\.dnx\bin;C:\Program Files\Microsoft DNX\Dnvm;C:\Program Files\Microsoft SQL Server\130\Tools\Binn;C:\Program Files\Git\cmd;C:\Program Files (x86)\Windows Kits\8.1\Windows Performance Toolkit;C:\Program Files (x86)\Yarn\bin;C:\Program Files\MongoDB\Server\3.2\bin;C:\Users\NeoEsil\AppData\Roaming\Composer\vendor\bin;C:\Users\NeoEsil\Desktop\casperjs-1.1.3\casperjs-1.1.3\bin;C:\Users\NeoEsil\AppData\Roaming\npm;C:\Users\NeoEsil\Desktop\cmder;C:\Program Files\Heroku\bin;C:\Ruby23\bin;C:\Program Files (x86)\Microsoft VS Code\bin;C:\Program Files\Redis;C:\Program Files\FromScratch\FromScratch-win32-x64;C:\MinGW\bin;D:\Docker Toolbox
10 verbose lifecycle muzee@1.0.0~dev:server: CWD: C:\Users\NeoEsil\workspaces\projects\muzee
11 silly lifecycle muzee@1.0.0~dev:server: Args: [ '/d /s /c', 'nodemon ./server' ]
12 silly lifecycle muzee@1.0.0~dev:server: Returned: code: 1  signal: null
13 info lifecycle muzee@1.0.0~dev:server: Failed to exec dev:server script
14 verbose stack Error: muzee@1.0.0 dev:server: `nodemon ./server`
14 verbose stack Exit status 1
14 verbose stack     at EventEmitter.<anonymous> (C:\Program Files\nodejs\node_modules\npm\lib\utils\lifecycle.js:255:16)
14 verbose stack     at emitTwo (events.js:106:13)
14 verbose stack     at EventEmitter.emit (events.js:191:7)
14 verbose stack     at ChildProcess.<anonymous> (C:\Program Files\nodejs\node_modules\npm\lib\utils\spawn.js:40:14)
14 verbose stack     at emitTwo (events.js:106:13)
14 verbose stack     at ChildProcess.emit (events.js:191:7)
14 verbose stack     at maybeClose (internal/child_process.js:877:16)
14 verbose stack     at Process.ChildProcess._handle.onexit (internal/child_process.js:226:5)
15 verbose pkgid muzee@1.0.0
16 verbose cwd C:\Users\NeoEsil\workspaces\projects\muzee
17 error Windows_NT 10.0.14393
18 error argv "C:\\Program Files\\nodejs\\node.exe" "C:\\Program Files\\nodejs\\node_modules\\npm\\bin\\npm-cli.js" "run" "dev:server"
19 error node v7.0.0
20 error npm  v3.10.8
21 error code ELIFECYCLE
22 error muzee@1.0.0 dev:server: `nodemon ./server`
22 error Exit status 1
23 error Failed at the muzee@1.0.0 dev:server script 'nodemon ./server'.
23 error Make sure you have the latest version of node.js and npm installed.
23 error If you do, this is most likely a problem with the muzee package,
23 error not with npm itself.
23 error Tell the author that this fails on your system:
23 error     nodemon ./server
23 error You can get information on how to open an issue for this project with:
23 error     npm bugs muzee
23 error Or if that isn't available, you can get their info via:
23 error     npm owner ls muzee
23 error There is likely additional logging output above.
24 verbose exit [ 1, true ]
